2025-08-11 01:30:45 [INFO] accounts.views.create:630 - === USER REGISTRATION REQUEST START ===
2025-08-11 01:30:45 [INFO] accounts.views.create:631 - Request path: /api/auth/register/
2025-08-11 01:30:45 [INFO] accounts.views.create:632 - Request method: POST
2025-08-11 01:30:45 [INFO] accounts.views.create:633 - Request headers: {'Content-Length': '140', 'Content-Type': 'application/json', 'Host': 'localhost:8000', 'Connection': 'keep-alive', 'Sec-Ch-Ua-Platform': '"Windows"', 'User-Agent': 'Mozilla/5.0 (Windows NT 10.0; Win64; x64) AppleWebKit/537.36 (KHTML, like Gecko) Chrome/132.0.0.0 Safari/537.36 Edg/132.0.0.0', 'Accept': 'application/json', 'Sec-Ch-Ua': '"Not A(Brand";v="8", "Chromium";v="132", "Microsoft Edge";v="132"', 'Sec-Ch-Ua-Mobile': '?0', 'Origin': 'http://localhost:3000', 'Sec-Fetch-Site': 'same-site', 'Sec-Fetch-Mode': 'cors', 'Sec-Fetch-Dest': 'empty', 'Referer': 'http://localhost:3000/', 'Accept-Encoding': 'gzip, deflate, br, zstd', 'Accept-Language': 'en-US,en;q=0.9', 'Cookie': 'csrftoken=Pk4zI3mJCX3mmrbltUnXfWsrLIkDbEz8'}
2025-08-11 01:30:45 [INFO] accounts.views.create:634 - Request data: {'email': 'nobleadonis2@gmail.com', 'password': 'Peace.22', 'first_name': 'Reuben', 'last_name': 'Idan', 'password2': 'Peace.22', 'is_employer': False}
2025-08-11 01:30:45 [INFO] accounts.views.create:638 - === USER MODEL FIELDS ===
2025-08-11 01:30:45 [INFO] accounts.views.create:639 - User model fields: ['logentry', 'auth_token', 'posted_jobs', 'job_applications', 'saved_jobs', 'profile', 'sent_connections', 'received_connections', 'following', 'followers', 'sent_messages', 'received_messages', 'notifications', 'id', 'password', 'last_login', 'is_superuser', 'is_staff', 'is_active', 'username', 'email', 'first_name', 'last_name', 'is_employer', 'date_joined', 'updated_at', 'groups', 'user_permissions']
2025-08-11 01:30:45 [INFO] accounts.views.create:640 - User model attributes: ['DoesNotExist', 'EMAIL_FIELD', 'Meta', 'MultipleObjectsReturned', 'REQUIRED_FIELDS', 'USERNAME_FIELD', '__class__', '__delattr__', '__dict__', '__dir__', '__doc__', '__eq__', '__format__', '__ge__', '__getattribute__', '__getstate__', '__gt__', '__hash__', '__init__', '__init_subclass__', '__le__', '__lt__', '__module__', '__ne__', '__new__', '__reduce__', '__reduce_ex__', '__repr__', '__setattr__', '__setstate__', '__sizeof__', '__str__', '__subclasshook__', '__weakref__', '_check_column_name_clashes', '_check_constraints', '_check_db_table_comment', '_check_default_pk', '_check_field_name_clashes', '_check_fields', '_check_id_field', '_check_index_together', '_check_indexes', '_check_local_fields', '_check_long_column_names', '_check_m2m_through_same_relationship', '_check_managers', '_check_model', '_check_model_name_db_lookup_clashes', '_check_ordering', '_check_property_name_related_field_accessor_clashes', '_check_single_primary_key', '_check_swappable', '_check_unique_together', '_do_insert', '_do_update', '_get_FIELD_display', '_get_expr_references', '_get_field_value_map', '_get_next_or_previous_by_FIELD', '_get_next_or_previous_in_order', '_get_pk_val', '_get_session_auth_hash', '_get_unique_checks', '_meta', '_password', '_perform_date_checks', '_perform_unique_checks', '_prepare_related_fields_for_save', '_save_parents', '_save_table', '_set_pk_val', 'adelete', 'arefresh_from_db', 'asave', 'auth_token', 'check', 'check_password', 'clean', 'clean_fields', 'date_error_message', 'date_joined', 'delete', 'email', 'email_user', 'first_name', 'followers', 'following', 'from_db', 'full_clean', 'get_all_permissions', 'get_constraints', 'get_deferred_fields', 'get_email_field_name', 'get_full_name', 'get_group_permissions', 'get_next_by_date_joined', 'get_next_by_updated_at', 'get_previous_by_date_joined', 'get_previous_by_updated_at', 'get_session_auth_fallback_hash', 'get_session_auth_hash', 'get_short_name', 'get_user_permissions', 'get_username', 'groups', 'has_module_perms', 'has_perm', 'has_perms', 'has_usable_password', 'id', 'is_active', 'is_anonymous', 'is_authenticated', 'is_employer', 'is_staff', 'is_superuser', 'job_applications', 'last_login', 'last_name', 'logentry_set', 'natural_key', 'normalize_username', 'notifications', 'objects', 'password', 'pk', 'posted_jobs', 'prepare_database_save', 'profile', 'received_connections', 'received_messages', 'refresh_from_db', 'save', 'save_base', 'saved_jobs', 'sent_connections', 'sent_messages', 'serializable_value', 'set_password', 'set_unusable_password', 'unique_error_message', 'updated_at', 'user_permissions', 'username', 'username_validator', 'validate_constraints', 'validate_unique']
2025-08-11 01:30:45 [INFO] accounts.views.create:641 - === END USER MODEL FIELDS ===
2025-08-11 01:30:45 [INFO] accounts.views.create:644 - === REQUEST DATA ===
2025-08-11 01:30:45 [INFO] accounts.views.create:646 - email: nobleadonis2@gmail.com (type: str)
2025-08-11 01:30:45 [INFO] accounts.views.create:646 - password: Peace.22 (type: str)
2025-08-11 01:30:45 [INFO] accounts.views.create:646 - first_name: Reuben (type: str)
2025-08-11 01:30:45 [INFO] accounts.views.create:646 - last_name: Idan (type: str)
2025-08-11 01:30:45 [INFO] accounts.views.create:646 - password2: Peace.22 (type: str)
2025-08-11 01:30:45 [INFO] accounts.views.create:646 - is_employer: False (type: bool)
2025-08-11 01:30:45 [INFO] accounts.views.create:647 - === END REQUEST DATA ===
2025-08-11 01:30:45 [INFO] accounts.views.create:650 - Initializing serializer...
2025-08-11 01:30:45 [INFO] accounts.views.create:652 - Serializer initialized
2025-08-11 01:30:45 [INFO] accounts.views.create:655 - === SERIALIZER DATA ===
2025-08-11 01:30:45 [INFO] accounts.views.create:656 - Initial data: {'email': 'nobleadonis2@gmail.com', 'password': 'Peace.22', 'first_name': 'Reuben', 'last_name': 'Idan', 'password2': 'Peace.22', 'is_employer': False}
2025-08-11 01:30:46 [INFO] accounts.views.create:764 - === USER REGISTRATION REQUEST END ===
2025-08-11 01:30:59 [INFO] accounts.views.create:630 - === USER REGISTRATION REQUEST START ===
2025-08-11 01:30:59 [INFO] accounts.views.create:631 - Request path: /api/auth/register/
2025-08-11 01:30:59 [INFO] accounts.views.create:632 - Request method: POST
2025-08-11 01:30:59 [INFO] accounts.views.create:633 - Request headers: {'Content-Length': '140', 'Content-Type': 'application/json', 'Host': 'localhost:8000', 'Connection': 'keep-alive', 'Sec-Ch-Ua-Platform': '"Windows"', 'User-Agent': 'Mozilla/5.0 (Windows NT 10.0; Win64; x64) AppleWebKit/537.36 (KHTML, like Gecko) Chrome/132.0.0.0 Safari/537.36 Edg/132.0.0.0', 'Accept': 'application/json', 'Sec-Ch-Ua': '"Not A(Brand";v="8", "Chromium";v="132", "Microsoft Edge";v="132"', 'Sec-Ch-Ua-Mobile': '?0', 'Origin': 'http://localhost:3000', 'Sec-Fetch-Site': 'same-site', 'Sec-Fetch-Mode': 'cors', 'Sec-Fetch-Dest': 'empty', 'Referer': 'http://localhost:3000/', 'Accept-Encoding': 'gzip, deflate, br, zstd', 'Accept-Language': 'en-US,en;q=0.9', 'Cookie': 'csrftoken=Pk4zI3mJCX3mmrbltUnXfWsrLIkDbEz8'}
2025-08-11 01:30:59 [INFO] accounts.views.create:634 - Request data: {'email': 'nobleadonis2@gmail.com', 'password': 'Peace.22', 'first_name': 'Reuben', 'last_name': 'Idan', 'password2': 'Peace.22', 'is_employer': False}
2025-08-11 01:30:59 [INFO] accounts.views.create:638 - === USER MODEL FIELDS ===
2025-08-11 01:30:59 [INFO] accounts.views.create:639 - User model fields: ['logentry', 'auth_token', 'posted_jobs', 'job_applications', 'saved_jobs', 'profile', 'sent_connections', 'received_connections', 'following', 'followers', 'sent_messages', 'received_messages', 'notifications', 'id', 'password', 'last_login', 'is_superuser', 'is_staff', 'is_active', 'username', 'email', 'first_name', 'last_name', 'is_employer', 'date_joined', 'updated_at', 'groups', 'user_permissions']
2025-08-11 01:30:59 [INFO] accounts.views.create:640 - User model attributes: ['DoesNotExist', 'EMAIL_FIELD', 'Meta', 'MultipleObjectsReturned', 'REQUIRED_FIELDS', 'USERNAME_FIELD', '__class__', '__delattr__', '__dict__', '__dir__', '__doc__', '__eq__', '__format__', '__ge__', '__getattribute__', '__getstate__', '__gt__', '__hash__', '__init__', '__init_subclass__', '__le__', '__lt__', '__module__', '__ne__', '__new__', '__reduce__', '__reduce_ex__', '__repr__', '__setattr__', '__setstate__', '__sizeof__', '__str__', '__subclasshook__', '__weakref__', '_check_column_name_clashes', '_check_constraints', '_check_db_table_comment', '_check_default_pk', '_check_field_name_clashes', '_check_fields', '_check_id_field', '_check_index_together', '_check_indexes', '_check_local_fields', '_check_long_column_names', '_check_m2m_through_same_relationship', '_check_managers', '_check_model', '_check_model_name_db_lookup_clashes', '_check_ordering', '_check_property_name_related_field_accessor_clashes', '_check_single_primary_key', '_check_swappable', '_check_unique_together', '_do_insert', '_do_update', '_get_FIELD_display', '_get_expr_references', '_get_field_value_map', '_get_next_or_previous_by_FIELD', '_get_next_or_previous_in_order', '_get_pk_val', '_get_session_auth_hash', '_get_unique_checks', '_meta', '_password', '_perform_date_checks', '_perform_unique_checks', '_prepare_related_fields_for_save', '_save_parents', '_save_table', '_set_pk_val', 'adelete', 'arefresh_from_db', 'asave', 'auth_token', 'check', 'check_password', 'clean', 'clean_fields', 'date_error_message', 'date_joined', 'delete', 'email', 'email_user', 'first_name', 'followers', 'following', 'from_db', 'full_clean', 'get_all_permissions', 'get_constraints', 'get_deferred_fields', 'get_email_field_name', 'get_full_name', 'get_group_permissions', 'get_next_by_date_joined', 'get_next_by_updated_at', 'get_previous_by_date_joined', 'get_previous_by_updated_at', 'get_session_auth_fallback_hash', 'get_session_auth_hash', 'get_short_name', 'get_user_permissions', 'get_username', 'groups', 'has_module_perms', 'has_perm', 'has_perms', 'has_usable_password', 'id', 'is_active', 'is_anonymous', 'is_authenticated', 'is_employer', 'is_staff', 'is_superuser', 'job_applications', 'last_login', 'last_name', 'logentry_set', 'natural_key', 'normalize_username', 'notifications', 'objects', 'password', 'pk', 'posted_jobs', 'prepare_database_save', 'profile', 'received_connections', 'received_messages', 'refresh_from_db', 'save', 'save_base', 'saved_jobs', 'sent_connections', 'sent_messages', 'serializable_value', 'set_password', 'set_unusable_password', 'unique_error_message', 'updated_at', 'user_permissions', 'username', 'username_validator', 'validate_constraints', 'validate_unique']
2025-08-11 01:30:59 [INFO] accounts.views.create:641 - === END USER MODEL FIELDS ===
2025-08-11 01:30:59 [INFO] accounts.views.create:644 - === REQUEST DATA ===
2025-08-11 01:30:59 [INFO] accounts.views.create:646 - email: nobleadonis2@gmail.com (type: str)
2025-08-11 01:30:59 [INFO] accounts.views.create:646 - password: Peace.22 (type: str)
2025-08-11 01:30:59 [INFO] accounts.views.create:646 - first_name: Reuben (type: str)
2025-08-11 01:30:59 [INFO] accounts.views.create:646 - last_name: Idan (type: str)
2025-08-11 01:30:59 [INFO] accounts.views.create:646 - password2: Peace.22 (type: str)
2025-08-11 01:30:59 [INFO] accounts.views.create:646 - is_employer: False (type: bool)
2025-08-11 01:30:59 [INFO] accounts.views.create:647 - === END REQUEST DATA ===
2025-08-11 01:30:59 [INFO] accounts.views.create:650 - Initializing serializer...
2025-08-11 01:30:59 [INFO] accounts.views.create:652 - Serializer initialized
2025-08-11 01:30:59 [INFO] accounts.views.create:655 - === SERIALIZER DATA ===
2025-08-11 01:30:59 [INFO] accounts.views.create:656 - Initial data: {'email': 'nobleadonis2@gmail.com', 'password': 'Peace.22', 'first_name': 'Reuben', 'last_name': 'Idan', 'password2': 'Peace.22', 'is_employer': False}
2025-08-11 01:30:59 [INFO] accounts.views.create:764 - === USER REGISTRATION REQUEST END ===
2025-08-11 01:31:40 [INFO] accounts.views.create:630 - === USER REGISTRATION REQUEST START ===
2025-08-11 01:31:40 [INFO] accounts.views.create:631 - Request path: /api/auth/register/
2025-08-11 01:31:40 [INFO] accounts.views.create:632 - Request method: POST
2025-08-11 01:31:40 [INFO] accounts.views.create:633 - Request headers: {'Content-Length': '140', 'Content-Type': 'application/json', 'Host': 'localhost:8000', 'Connection': 'keep-alive', 'Sec-Ch-Ua-Platform': '"Windows"', 'User-Agent': 'Mozilla/5.0 (Windows NT 10.0; Win64; x64) AppleWebKit/537.36 (KHTML, like Gecko) Chrome/132.0.0.0 Safari/537.36 Edg/132.0.0.0', 'Accept': 'application/json', 'Sec-Ch-Ua': '"Not A(Brand";v="8", "Chromium";v="132", "Microsoft Edge";v="132"', 'Sec-Ch-Ua-Mobile': '?0', 'Origin': 'http://localhost:3000', 'Sec-Fetch-Site': 'same-site', 'Sec-Fetch-Mode': 'cors', 'Sec-Fetch-Dest': 'empty', 'Referer': 'http://localhost:3000/', 'Accept-Encoding': 'gzip, deflate, br, zstd', 'Accept-Language': 'en-US,en;q=0.9', 'Cookie': 'csrftoken=Pk4zI3mJCX3mmrbltUnXfWsrLIkDbEz8'}
2025-08-11 01:31:40 [INFO] accounts.views.create:634 - Request data: {'email': 'nobleadonis2@gmail.com', 'password': 'Peace.22', 'first_name': 'Reuben', 'last_name': 'Idan', 'password2': 'Peace.22', 'is_employer': False}
2025-08-11 01:31:40 [INFO] accounts.views.create:638 - === USER MODEL FIELDS ===
2025-08-11 01:31:40 [INFO] accounts.views.create:639 - User model fields: ['logentry', 'auth_token', 'posted_jobs', 'job_applications', 'saved_jobs', 'profile', 'sent_connections', 'received_connections', 'following', 'followers', 'sent_messages', 'received_messages', 'notifications', 'id', 'password', 'last_login', 'is_superuser', 'is_staff', 'is_active', 'username', 'email', 'first_name', 'last_name', 'is_employer', 'date_joined', 'updated_at', 'groups', 'user_permissions']
2025-08-11 01:31:40 [INFO] accounts.views.create:640 - User model attributes: ['DoesNotExist', 'EMAIL_FIELD', 'Meta', 'MultipleObjectsReturned', 'REQUIRED_FIELDS', 'USERNAME_FIELD', '__class__', '__delattr__', '__dict__', '__dir__', '__doc__', '__eq__', '__format__', '__ge__', '__getattribute__', '__getstate__', '__gt__', '__hash__', '__init__', '__init_subclass__', '__le__', '__lt__', '__module__', '__ne__', '__new__', '__reduce__', '__reduce_ex__', '__repr__', '__setattr__', '__setstate__', '__sizeof__', '__str__', '__subclasshook__', '__weakref__', '_check_column_name_clashes', '_check_constraints', '_check_db_table_comment', '_check_default_pk', '_check_field_name_clashes', '_check_fields', '_check_id_field', '_check_index_together', '_check_indexes', '_check_local_fields', '_check_long_column_names', '_check_m2m_through_same_relationship', '_check_managers', '_check_model', '_check_model_name_db_lookup_clashes', '_check_ordering', '_check_property_name_related_field_accessor_clashes', '_check_single_primary_key', '_check_swappable', '_check_unique_together', '_do_insert', '_do_update', '_get_FIELD_display', '_get_expr_references', '_get_field_value_map', '_get_next_or_previous_by_FIELD', '_get_next_or_previous_in_order', '_get_pk_val', '_get_session_auth_hash', '_get_unique_checks', '_meta', '_password', '_perform_date_checks', '_perform_unique_checks', '_prepare_related_fields_for_save', '_save_parents', '_save_table', '_set_pk_val', 'adelete', 'arefresh_from_db', 'asave', 'auth_token', 'check', 'check_password', 'clean', 'clean_fields', 'date_error_message', 'date_joined', 'delete', 'email', 'email_user', 'first_name', 'followers', 'following', 'from_db', 'full_clean', 'get_all_permissions', 'get_constraints', 'get_deferred_fields', 'get_email_field_name', 'get_full_name', 'get_group_permissions', 'get_next_by_date_joined', 'get_next_by_updated_at', 'get_previous_by_date_joined', 'get_previous_by_updated_at', 'get_session_auth_fallback_hash', 'get_session_auth_hash', 'get_short_name', 'get_user_permissions', 'get_username', 'groups', 'has_module_perms', 'has_perm', 'has_perms', 'has_usable_password', 'id', 'is_active', 'is_anonymous', 'is_authenticated', 'is_employer', 'is_staff', 'is_superuser', 'job_applications', 'last_login', 'last_name', 'logentry_set', 'natural_key', 'normalize_username', 'notifications', 'objects', 'password', 'pk', 'posted_jobs', 'prepare_database_save', 'profile', 'received_connections', 'received_messages', 'refresh_from_db', 'save', 'save_base', 'saved_jobs', 'sent_connections', 'sent_messages', 'serializable_value', 'set_password', 'set_unusable_password', 'unique_error_message', 'updated_at', 'user_permissions', 'username', 'username_validator', 'validate_constraints', 'validate_unique']
2025-08-11 01:31:40 [INFO] accounts.views.create:641 - === END USER MODEL FIELDS ===
2025-08-11 01:31:40 [INFO] accounts.views.create:644 - === REQUEST DATA ===
2025-08-11 01:31:40 [INFO] accounts.views.create:646 - email: nobleadonis2@gmail.com (type: str)
2025-08-11 01:31:40 [INFO] accounts.views.create:646 - password: Peace.22 (type: str)
2025-08-11 01:31:40 [INFO] accounts.views.create:646 - first_name: Reuben (type: str)
2025-08-11 01:31:40 [INFO] accounts.views.create:646 - last_name: Idan (type: str)
2025-08-11 01:31:40 [INFO] accounts.views.create:646 - password2: Peace.22 (type: str)
2025-08-11 01:31:40 [INFO] accounts.views.create:646 - is_employer: False (type: bool)
2025-08-11 01:31:40 [INFO] accounts.views.create:647 - === END REQUEST DATA ===
2025-08-11 01:31:40 [INFO] accounts.views.create:650 - Initializing serializer...
2025-08-11 01:31:40 [INFO] accounts.views.create:652 - Serializer initialized
2025-08-11 01:31:40 [INFO] accounts.views.create:655 - === SERIALIZER DATA ===
2025-08-11 01:31:40 [INFO] accounts.views.create:656 - Initial data: {'email': 'nobleadonis2@gmail.com', 'password': 'Peace.22', 'first_name': 'Reuben', 'last_name': 'Idan', 'password2': 'Peace.22', 'is_employer': False}
2025-08-11 01:31:40 [INFO] accounts.views.create:764 - === USER REGISTRATION REQUEST END ===
